<?xml version="1.0" encoding="UTF-8"?>
<testsuite xmlns:xsi="http://www.w3.org/2001/XMLSchema-instance" xsi:noNamespaceSchemaLocation="https://maven.apache.org/surefire/maven-surefire-plugin/xsd/surefire-test-report-3.0.xsd" version="3.0" name="CucumberRunner" time="153.132" tests="15" errors="0" skipped="0" failures="0">
  <properties>
[...]
</properties>
  <testcase name="Когда выбран пункт меню &quot;Страхование&quot;" classname="Сценарий: Заявка на страхование путешественников" time="0.005"/>
  <testcase name="И выбран вид страхования &quot;Путешествия&quot;" classname="Сценарий: Заявка на страхование путешественников" time="0"/>
  <testcase name="Тогда заголовок страницы - страхования равен &quot;Страхование путешественников&quot;" classname="Сценарий: Заявка на страхование путешественников" time="0"/>
  <testcase name="Когда выполнено нажатие кнопки &quot;Оформить онлайн&quot;" classname="Сценарий: Заявка на страхование путешественников" time="0"/>
  <testcase name="Тогда В заголовке страницы имеется текст &quot;Регион действия полиса&quot;" classname="Сценарий: Заявка на страхование путешественников" time="0"/>
  <testcase name="Когда Выбран вид полиса - &quot;Минимальная&quot;" classname="Сценарий: Заявка на страхование путешественников" time="0"/>
  <testcase name="И Нажата кнопка &quot;Оформить&quot;" classname="Сценарий: Заявка на страхование путешественников" time="0.001"/>
  <testcase name="Тогда В заголовке имеется текст &quot;Застрахованные&quot;" classname="Сценарий: Заявка на страхование путешественников" time="0"/>
  <testcase name="Когда заполняются поля:" classname="Сценарий: Заявка на страхование путешественников" time="0"/>
  <testcase name="Тогда значения полей равны:" classname="Сценарий: Заявка на страхование путешественников" time="0.001"/>
  <testcase name="Когда Выполнено нажатие кнопки &quot;Продолжить&quot;" classname="Сценарий: Заявка на страхование путешественников" time="0"/>
  <testcase name="Тогда в поле &quot;phone&quot; присутствует сообщение об ошибке &quot;Поле не заполнено&quot;" classname="Сценарий: Заявка на страхование путешественников" time="0"/>
  <testcase name="И в поле &quot;email&quot; присутствует сообщение об ошибке &quot;Поле не заполнено&quot;" classname="Сценарий: Заявка на страхование путешественников" time="0"/>
  <testcase name="И в поле &quot;repeatEmail&quot; присутствует сообщение об ошибке &quot;Поле не заполнено&quot;" classname="Сценарий: Заявка на страхование путешественников" time="0.001"/>
  <testcase name="" classname="Сценарий: Заявка на страхование путешественников" time="1.518"/>
</testsuite>